<?xml version="1.0" encoding="UTF-8"?>
<testsuite name="MainTest" tests="2" skipped="0" failures="0" errors="0" timestamp="2024-05-31T21:31:17" hostname="DESKTOP-A97GDF4" time="0.006">
  <properties/>
  <testcase name="test1" classname="MainTest" time="0.006"/>
  <testcase name="test2" classname="MainTest" time="0.0"/>
  <system-out><![CDATA[]]></system-out>
  <system-err><![CDATA[]]></system-err>
</testsuite>
